0 info it worked if it ends with ok
1 verbose cli [ 'node', '/usr/local/bin/npm', 'update', '-g', 'ionic' ]
2 info using npm@1.4.23
3 info using node@v0.10.31
4 verbose request where is /ionic
5 verbose request registry https://registry.npmjs.org/
6 verbose request id 5832761ce403da68
7 verbose url raw /ionic
8 verbose url resolving [ 'https://registry.npmjs.org/', './ionic' ]
9 verbose url resolved https://registry.npmjs.org/ionic
10 verbose request where is https://registry.npmjs.org/ionic
11 info trying registry request attempt 1 at 14:47:18
12 verbose etag "3H3RZT9C3DZO17NU0S8JGSBS4"
13 http GET https://registry.npmjs.org/ionic
14 http 200 https://registry.npmjs.org/ionic
15 silly registry.get cb [ 200,
15 silly registry.get   { date: 'Tue, 16 Sep 2014 12:47:19 GMT',
15 silly registry.get     server: 'CouchDB/1.5.0 (Erlang OTP/R14B04)',
15 silly registry.get     etag: '"8087V6WMWM6HCVZYXC9SV44D4"',
15 silly registry.get     'content-type': 'application/json',
15 silly registry.get     'cache-control': 'max-age=60',
15 silly registry.get     'content-length': '135566',
15 silly registry.get     'accept-ranges': 'bytes',
15 silly registry.get     via: '1.1 varnish',
15 silly registry.get     age: '4084',
15 silly registry.get     'x-served-by': 'cache-fra1232-FRA',
15 silly registry.get     'x-cache': 'HIT',
15 silly registry.get     'x-cache-hits': '1',
15 silly registry.get     'x-timer': 'S1410871638.941952,VS0,VE176',
15 silly registry.get     vary: 'Accept',
15 silly registry.get     'keep-alive': 'timeout=10, max=50',
15 silly registry.get     connection: 'Keep-Alive' } ]
16 info outdated updating [ [ '/usr/local/lib', 'ionic', '1.2.4', '1.2.5', '1.2.5', 'latest' ] ]
17 verbose install where,what [ '/usr/local/lib', [ 'ionic@1.2.5' ] ]
18 verbose cache add [ 'ionic@1.2.5', null ]
19 verbose cache add name=undefined spec="ionic@1.2.5" args=["ionic@1.2.5",null]
20 verbose parsed url { protocol: null,
20 verbose parsed url   slashes: null,
20 verbose parsed url   auth: null,
20 verbose parsed url   host: null,
20 verbose parsed url   port: null,
20 verbose parsed url   hostname: null,
20 verbose parsed url   hash: null,
20 verbose parsed url   search: null,
20 verbose parsed url   query: null,
20 verbose parsed url   pathname: 'ionic@1.2.5',
20 verbose parsed url   path: 'ionic@1.2.5',
20 verbose parsed url   href: 'ionic@1.2.5' }
21 verbose cache add name="ionic" spec="1.2.5" args=["ionic","1.2.5"]
22 verbose parsed url { protocol: null,
22 verbose parsed url   slashes: null,
22 verbose parsed url   auth: null,
22 verbose parsed url   host: null,
22 verbose parsed url   port: null,
22 verbose parsed url   hostname: null,
22 verbose parsed url   hash: null,
22 verbose parsed url   search: null,
22 verbose parsed url   query: null,
22 verbose parsed url   pathname: '1.2.5',
22 verbose parsed url   path: '1.2.5',
22 verbose parsed url   href: '1.2.5' }
23 verbose addNamed [ 'ionic', '1.2.5' ]
24 verbose addNamed [ '1.2.5', '1.2.5' ]
25 silly lockFile 1531f65e-ionic-1-2-5 ionic@1.2.5
26 verbose lock ionic@1.2.5 /Users/rakarima/.npm/1531f65e-ionic-1-2-5.lock
27 verbose registry.get https://registry.npmjs.org/ionic not expired, no request
28 silly lockFile 9187ee47--npmjs-org-ionic-ionic-1-2-5-tgz https://registry.npmjs.org/ionic/-/ionic-1.2.5.tgz
29 verbose lock https://registry.npmjs.org/ionic/-/ionic-1.2.5.tgz /Users/rakarima/.npm/9187ee47--npmjs-org-ionic-ionic-1-2-5-tgz.lock
30 verbose addRemoteTarball [ 'https://registry.npmjs.org/ionic/-/ionic-1.2.5.tgz',
30 verbose addRemoteTarball   '2f2ce53b8a3e94260e1a0bfc9e98ac550bfb4ee9' ]
31 info retry fetch attempt 1 at 14:47:23
32 verbose fetch to= /var/folders/g_/k337m2cd2kg1k4cz975f9b5m0000gn/T/npm-26107-nTQ3HqRY/registry.npmjs.org/ionic/-/ionic-1.2.5.tgz
33 http GET https://registry.npmjs.org/ionic/-/ionic-1.2.5.tgz
34 http 200 https://registry.npmjs.org/ionic/-/ionic-1.2.5.tgz
35 silly lockFile 9187ee47--npmjs-org-ionic-ionic-1-2-5-tgz https://registry.npmjs.org/ionic/-/ionic-1.2.5.tgz
36 silly lockFile 9187ee47--npmjs-org-ionic-ionic-1-2-5-tgz https://registry.npmjs.org/ionic/-/ionic-1.2.5.tgz
37 silly lockFile 1531f65e-ionic-1-2-5 ionic@1.2.5
38 silly lockFile 1531f65e-ionic-1-2-5 ionic@1.2.5
39 error Error: EACCES, mkdir '/Users/rakarima/.npm/ionic/1.2.5'
39 error  { [Error: EACCES, mkdir '/Users/rakarima/.npm/ionic/1.2.5']
39 error   errno: 3,
39 error   code: 'EACCES',
39 error   path: '/Users/rakarima/.npm/ionic/1.2.5' }
40 error Please try running this command again as root/Administrator.
41 error System Darwin 13.3.0
42 error command "node" "/usr/local/bin/npm" "update" "-g" "ionic"
43 error cwd /Users/rakarima/Development/tty/tty
44 error node -v v0.10.31
45 error npm -v 1.4.23
46 error path /Users/rakarima/.npm/ionic/1.2.5
47 error code EACCES
48 error errno 3
49 error stack Error: EACCES, mkdir '/Users/rakarima/.npm/ionic/1.2.5'
50 verbose exit [ 3, true ]
